2013-02-28 22:35:03 Error: Fatal Error (4): syntax error, unexpected T_UNSET in [/var/www/seng.nasza.com.br/app/View/Countries/index.ctp, line 12]
2013-02-28 23:55:29 Error: Fatal Error (1): Allowed memory size of 134217728 bytes exhausted (tried to allocate 41410129 bytes) in [/var/www/seng.nasza.com.br/lib/Cake/Utility/Debugger.php, line 614]
2013-02-28 23:55:50 Error: Fatal Error (1): Allowed memory size of 134217728 bytes exhausted (tried to allocate 41410129 bytes) in [/var/www/seng.nasza.com.br/lib/Cake/Utility/Debugger.php, line 614]
2013-02-28 23:56:16 Error: Fatal Error (1): Allowed memory size of 134217728 bytes exhausted (tried to allocate 32326380 bytes) in [/var/www/seng.nasza.com.br/lib/Cake/Utility/Debugger.php, line 562]
2013-03-01 18:57:56 Error: Fatal Error (4): syntax error, unexpected T_STRING, expecting ',' or ';' in [/var/www/seng.nasza.com.br/app/View/Elements/toolbar-edit.ctp, line 16]
2013-03-02 16:59:46 Error: Fatal Error (4): syntax error, unexpected T_VARIABLE in [/var/www/seng.nasza.com.br/app/Controller/AppController.php, line 60]
2013-03-03 16:48:49 Error: Fatal Error (4): syntax error, unexpected ';', expecting ')' in [/var/www/seng.nasza.com.br/app/Model/User.php, line 77]
2013-03-04 11:46:56 Error: Fatal Error (1): Call to undefined method AclComponent::getColumnTypes() in [/var/www/seng.nasza.com.br/app/Controller/AppController.php, line 104]
2013-03-04 11:48:47 Error: Fatal Error (64): Can't use method return value in write context in [/var/www/seng.nasza.com.br/app/Controller/AppController.php, line 104]
2013-03-04 11:49:18 Error: Fatal Error (64): Can't use method return value in write context in [/var/www/seng.nasza.com.br/app/Controller/AppController.php, line 104]
2013-03-04 11:49:19 Error: Fatal Error (64): Can't use method return value in write context in [/var/www/seng.nasza.com.br/app/Controller/AppController.php, line 104]
2013-03-04 11:49:19 Error: Fatal Error (64): Can't use method return value in write context in [/var/www/seng.nasza.com.br/app/Controller/AppController.php, line 104]
2013-03-04 11:49:19 Error: Fatal Error (64): Can't use method return value in write context in [/var/www/seng.nasza.com.br/app/Controller/AppController.php, line 104]
2013-03-04 11:49:20 Error: Fatal Error (64): Can't use method return value in write context in [/var/www/seng.nasza.com.br/app/Controller/AppController.php, line 104]
2013-03-04 11:49:30 Error: Fatal Error (1): Call to undefined method AclComponent::getColumnTypes() in [/var/www/seng.nasza.com.br/app/Controller/AppController.php, line 105]
2013-03-04 11:49:42 Error: Fatal Error (64): Can't use method return value in write context in [/var/www/seng.nasza.com.br/app/Controller/AppController.php, line 104]
2013-03-04 11:50:15 Error: Fatal Error (1): Call to undefined method AclComponent::getColumnTypes() in [/var/www/seng.nasza.com.br/app/Controller/AppController.php, line 104]
2013-03-04 11:50:37 Error: Fatal Error (64): Can't use method return value in write context in [/var/www/seng.nasza.com.br/app/Controller/AppController.php, line 104]
2013-03-06 12:15:23 Error: Fatal Error (1): Allowed memory size of 134217728 bytes exhausted (tried to allocate 42072674 bytes) in [/var/www/naszaco_seng/lib/Cake/View/View.php, line 944]
2013-03-06 12:16:35 Error: Fatal Error (1): Allowed memory size of 134217728 bytes exhausted (tried to allocate 42072502 bytes) in [/var/www/naszaco_seng/lib/Cake/View/View.php, line 944]
2013-03-06 12:18:38 Error: Fatal Error (1): Allowed memory size of 134217728 bytes exhausted (tried to allocate 21071605 bytes) in [/var/www/naszaco_seng/lib/Cake/View/View.php, line 944]
2013-03-06 12:22:22 Error: Fatal Error (1): Allowed memory size of 134217728 bytes exhausted (tried to allocate 21010787 bytes) in [/var/www/naszaco_seng/lib/Cake/View/View.php, line 944]
2013-03-06 13:05:39 Error: Fatal Error (1): Allowed memory size of 134217728 bytes exhausted (tried to allocate 20970326 bytes) in [/var/www/naszaco_seng/lib/Cake/View/View.php, line 944]
2013-03-06 14:03:56 Error: Fatal Error (1): Allowed memory size of 134217728 bytes exhausted (tried to allocate 21812505 bytes) in [/var/www/naszaco_seng/lib/Cake/View/View.php, line 944]
2013-03-06 14:05:36 Error: Fatal Error (1): Allowed memory size of 134217728 bytes exhausted (tried to allocate 21811527 bytes) in [/var/www/naszaco_seng/lib/Cake/View/View.php, line 944]
2013-03-06 14:54:54 Error: Fatal Error (1): Call to private method AppController::paginationHabtm() from context 'EventsController' in [/var/www/naszaco_seng/app/Controller/EventsController.php, line 64]
2013-03-06 15:18:16 Error: Fatal Error (1): Method name must be a string in [/var/www/naszaco_seng/app/Controller/AppController.php, line 529]
2013-03-06 15:47:22 Error: Fatal Error (4): syntax error, unexpected T_DOUBLE_ARROW in [/var/www/naszaco_seng/app/View/Elements/habtm.ctp, line 27]
2013-03-06 15:47:25 Error: Fatal Error (4): syntax error, unexpected T_DOUBLE_ARROW in [/var/www/naszaco_seng/app/View/Elements/habtm.ctp, line 27]
2013-03-06 18:24:58 Error: Fatal Error (4): syntax error, unexpected ')' in [/var/www/naszaco_seng/app/View/Countries/index.ctp, line 3]
2013-03-06 19:50:29 Error: Fatal Error (4): syntax error, unexpected ')', expecting ',' or ';' in [/var/www/naszaco_seng/app/View/Elements/habtm.ctp, line 5]
2013-03-06 20:46:57 Error: Fatal Error (1): Call to a member function getFieldText() on a non-object in [/var/www/naszaco_seng/app/Controller/EventsController.php, line 60]
2013-03-06 21:01:56 Error: Fatal Error (1): Call to a member function getFieldText() on a non-object in [/var/www/naszaco_seng/app/Controller/EventsController.php, line 62]
2013-03-06 21:13:06 Error: Fatal Error (4): syntax error, unexpected ')' in [/var/www/naszaco_seng/app/View/Events/edit.ctp, line 78]
2013-03-06 21:27:57 Error: Fatal Error (4): syntax error, unexpected ';' in [/var/www/naszaco_seng/app/View/Events/edit.ctp, line 78]
2013-03-07 09:27:47 Error: Fatal Error (4): syntax error, unexpected '[', expecting T_STRING or T_VARIABLE or '{' or '$' in [/var/www/naszaco_seng/app/View/Elements/toolbar-index.ctp, line 60]
2013-03-07 10:00:26 Error: Fatal Error (1): Call to a member function getFieldText() on a non-object in [/var/www/naszaco_seng/app/Controller/AppController.php, line 514]
2013-03-07 14:07:56 Error: Fatal Error (4): syntax error, unexpected ';' in [/var/www/naszaco_seng/app/Controller/AppController.php, line 497]
2013-03-07 15:27:06 Error: Fatal Error (4): syntax error, unexpected ';' in [/var/www/naszaco_seng/app/View/Events/edit.ctp, line 31]
2013-03-07 17:11:16 Error: Fatal Error (4): syntax error, unexpected ')' in [/var/www/naszaco_seng/app/View/Elements/table-actions.ctp, line 3]
2013-03-07 17:11:33 Error: Fatal Error (4): syntax error, unexpected ')' in [/var/www/naszaco_seng/app/View/Elements/table-actions.ctp, line 3]
2013-03-07 21:18:13 Error: Fatal Error (1): Call to a member function find() on a non-object in [/var/www/naszaco_seng/app/Controller/AppController.php, line 319]
2013-03-07 21:18:44 Error: Fatal Error (1): Call to a member function find() on a non-object in [/var/www/naszaco_seng/app/Controller/AppController.php, line 319]
2013-03-07 21:19:00 Error: Fatal Error (1): Call to a member function find() on a non-object in [/var/www/naszaco_seng/app/Controller/AppController.php, line 319]
2013-03-07 21:21:41 Error: Fatal Error (1): Call to a member function find() on a non-object in [/var/www/naszaco_seng/app/Controller/AppController.php, line 319]
2013-03-07 21:22:50 Error: Fatal Error (1): Call to a member function find() on a non-object in [/var/www/naszaco_seng/app/Controller/AppController.php, line 319]
2013-03-08 09:03:32 Error: Fatal Error (1): Call to a member function find() on a non-object in [/var/www/naszaco_seng/app/Controller/AppController.php, line 319]
2013-03-08 09:03:45 Error: Fatal Error (1): Call to a member function find() on a non-object in [/var/www/naszaco_seng/app/Controller/AppController.php, line 319]
2013-03-08 09:04:18 Error: Fatal Error (1): Call to a member function find() on a non-object in [/var/www/naszaco_seng/app/Controller/AppController.php, line 319]
2013-03-08 09:04:44 Error: Fatal Error (1): Call to a member function find() on a non-object in [/var/www/naszaco_seng/app/Controller/AppController.php, line 319]
2013-03-08 09:04:52 Error: Fatal Error (1): Call to a member function find() on a non-object in [/var/www/naszaco_seng/app/Controller/AppController.php, line 319]
2013-03-08 09:05:20 Error: Fatal Error (1): Call to a member function find() on a non-object in [/var/www/naszaco_seng/app/Controller/AppController.php, line 322]
2013-03-08 09:14:22 Error: Fatal Error (1): Call to a member function find() on a non-object in [/var/www/naszaco_seng/app/Controller/AppController.php, line 319]
2013-03-08 10:56:39 Error: Fatal Error (64): Default value for parameters with a class type hint can only be NULL in [/var/www/naszaco_seng/app/Model/AppModel.php, line 53]
2013-03-08 10:57:16 Error: Fatal Error (64): Default value for parameters with a class type hint can only be NULL in [/var/www/naszaco_seng/app/Model/AppModel.php, line 53]
2013-03-08 10:57:17 Error: Fatal Error (64): Default value for parameters with a class type hint can only be NULL in [/var/www/naszaco_seng/app/Model/AppModel.php, line 53]
2013-03-08 10:57:17 Error: Fatal Error (64): Default value for parameters with a class type hint can only be NULL in [/var/www/naszaco_seng/app/Model/AppModel.php, line 53]
2013-03-08 10:57:36 Error: Fatal Error (64): Default value for parameters with a class type hint can only be NULL in [/var/www/naszaco_seng/app/Model/AppModel.php, line 53]
2013-03-08 10:57:43 Error: Fatal Error (64): Default value for parameters with a class type hint can only be NULL in [/var/www/naszaco_seng/app/Model/AppModel.php, line 53]
2013-03-08 11:12:49 Error: Fatal Error (4): syntax error, unexpected T_STRING in [/var/www/naszaco_seng/app/Controller/StatesController.php, line 44]
2013-03-08 13:06:00 Error: Fatal Error (1): Call to undefined method StatesController::trashAll() in [/var/www/naszaco_seng/app/Controller/AppController.php, line 540]
2013-03-08 15:46:26 Error: Fatal Error (4): syntax error, unexpected ';' in [/var/www/naszaco_seng/app/View/Elements/toolbar-index.ctp, line 46]
2013-03-08 15:46:59 Error: Fatal Error (4): syntax error, unexpected ')', expecting ',' or ';' in [/var/www/naszaco_seng/app/View/Elements/toolbar-index.ctp, line 46]
2013-03-08 15:47:22 Error: Fatal Error (4): syntax error, unexpected ';' in [/var/www/naszaco_seng/app/View/Elements/toolbar-index.ctp, line 46]
2013-03-08 16:46:43 Error: Fatal Error (1): Maximum execution time of 30 seconds exceeded in [/var/www/naszaco_seng/lib/Cake/Utility/Debugger.php, line 293]
2013-03-08 16:59:14 Error: Fatal Error (1): Call to a member function find() on a non-object in [/var/www/naszaco_seng/app/Model/AppModel.php, line 99]
2013-03-08 17:03:39 Error: Fatal Error (1): Call to a member function find() on a non-object in [/var/www/naszaco_seng/app/Model/AppModel.php, line 100]
2013-03-08 17:04:33 Error: Fatal Error (1): Call to a member function find() on a non-object in [/var/www/naszaco_seng/app/Model/AppModel.php, line 101]
2013-03-08 17:07:17 Error: Fatal Error (1): Call to a member function find() on a non-object in [/var/www/naszaco_seng/app/Model/AppModel.php, line 101]
2013-03-08 17:08:40 Error: Fatal Error (1): Call to a member function find() on a non-object in [/var/www/naszaco_seng/app/Model/AppModel.php, line 101]
2013-03-08 17:12:51 Error: Fatal Error (1): Call to a member function find() on a non-object in [/var/www/naszaco_seng/app/Model/AppModel.php, line 101]
2013-03-08 17:14:05 Error: Fatal Error (1): Call to a member function find() on a non-object in [/var/www/naszaco_seng/app/Model/AppModel.php, line 101]
2013-03-08 17:15:08 Error: Fatal Error (1): Call to a member function find() on a non-object in [/var/www/naszaco_seng/app/Model/AppModel.php, line 101]
2013-03-08 17:20:26 Error: Fatal Error (1): Call to a member function find() on a non-object in [/var/www/naszaco_seng/app/Model/AppModel.php, line 101]
2013-03-08 17:20:56 Error: Fatal Error (1): Call to a member function find() on a non-object in [/var/www/naszaco_seng/app/Model/AppModel.php, line 101]
2013-03-08 17:21:22 Error: Fatal Error (1): Call to a member function find() on a non-object in [/var/www/naszaco_seng/app/Model/AppModel.php, line 101]
2013-03-08 17:21:36 Error: Fatal Error (1): Call to a member function find() on a non-object in [/var/www/naszaco_seng/app/Model/AppModel.php, line 101]
2013-03-08 17:21:58 Error: Fatal Error (1): Call to a member function find() on a non-object in [/var/www/naszaco_seng/app/Model/AppModel.php, line 101]
2013-03-08 17:22:45 Error: Fatal Error (1): Call to a member function find() on a non-object in [/var/www/naszaco_seng/app/Model/AppModel.php, line 101]
2013-03-08 17:23:09 Error: Fatal Error (1): Call to a member function find() on a non-object in [/var/www/naszaco_seng/app/Model/AppModel.php, line 101]
2013-03-08 17:23:36 Error: Fatal Error (1): Call to a member function find() on a non-object in [/var/www/naszaco_seng/app/Model/AppModel.php, line 102]
2013-03-08 17:28:59 Error: Fatal Error (64): Cannot re-assign $this in [/var/www/naszaco_seng/app/Model/AppModel.php, line 99]
2013-03-08 17:29:28 Error: Fatal Error (64): Cannot re-assign $this in [/var/www/naszaco_seng/app/Model/AppModel.php, line 99]
2013-03-08 17:29:41 Error: Fatal Error (64): Cannot re-assign $this in [/var/www/naszaco_seng/app/Model/AppModel.php, line 99]
2013-03-08 17:46:07 Error: Fatal Error (4): syntax error, unexpected T_CLONE in [/var/www/naszaco_seng/app/Model/AppModel.php, line 101]
2013-03-08 17:55:48 Error: Fatal Error (1): __clone method called on non-object in [/var/www/naszaco_seng/app/Model/AppModel.php, line 99]
2013-03-08 18:03:07 Error: Fatal Error (64): Cannot re-assign $this in [/var/www/naszaco_seng/app/Model/AppModel.php, line 107]
2013-03-08 18:03:24 Error: Fatal Error (64): Cannot re-assign $this in [/var/www/naszaco_seng/app/Model/AppModel.php, line 107]
2013-03-08 18:03:45 Error: Fatal Error (64): Cannot re-assign $this in [/var/www/naszaco_seng/app/Model/AppModel.php, line 107]
2013-03-08 18:05:02 Error: Fatal Error (64): Cannot re-assign $this in [/var/www/naszaco_seng/app/Model/AppModel.php, line 108]
2013-03-08 18:07:07 Error: Fatal Error (64): Cannot re-assign $this in [/var/www/naszaco_seng/app/Model/AppModel.php, line 67]
2013-03-08 18:07:35 Error: Fatal Error (1): __clone method called on non-object in [/var/www/naszaco_seng/app/Model/AppModel.php, line 67]
2013-03-08 18:08:12 Error: Fatal Error (1): Call to a member function remove() on a non-object in [/var/www/naszaco_seng/app/Model/AppModel.php, line 109]
2013-03-08 18:08:22 Error: Fatal Error (1): __clone method called on non-object in [/var/www/naszaco_seng/app/Model/AppModel.php, line 103]
2013-03-08 18:11:01 Error: Fatal Error (1): Allowed memory size of 134217728 bytes exhausted (tried to allocate 16384 bytes) in [/var/www/naszaco_seng/lib/Cake/Utility/Debugger.php, line 293]
2013-03-08 18:11:12 Error: Fatal Error (1): __clone method called on non-object in [/var/www/naszaco_seng/app/Model/AppModel.php, line 67]
2013-03-08 18:11:46 Error: Fatal Error (1): Allowed memory size of 134217728 bytes exhausted (tried to allocate 16384 bytes) in [/var/www/naszaco_seng/lib/Cake/Utility/Debugger.php, line 293]
2013-03-08 18:31:58 Error: Fatal Error (1): Call to undefined function array_key_exists_r() in [/var/www/naszaco_seng/app/Model/AppModel.php, line 345]
2013-03-08 18:32:36 Error: Fatal Error (1): Call to undefined function array_key_exists_r() in [/var/www/naszaco_seng/app/Model/AppModel.php, line 345]
2013-03-08 23:32:47 Error: Fatal Error (4): syntax error, unexpected T_STRING in [/var/www/naszaco_seng/plugins/Main/View/Acl/permissions.ctp, line 79]
2013-03-08 23:33:46 Error: Fatal Error (4): syntax error, unexpected T_STRING in [/var/www/naszaco_seng/plugins/Main/View/Acl/permissions.ctp, line 79]
2013-03-08 23:33:56 Error: Fatal Error (4): syntax error, unexpected T_STRING in [/var/www/naszaco_seng/plugins/Main/View/Acl/permissions.ctp, line 79]
2013-03-09 00:08:56 Error: Fatal Error (4): syntax error, unexpected ']', expecting ',' or ')' in [/var/www/naszaco_seng/app/View/Events/index.ctp, line 28]
2013-03-09 21:41:02 Error: Fatal Error (4): syntax error, unexpected '{' in [/var/www/naszaco_seng/plugins/Main/View/Acl/permissions.ctp, line 93]
2013-03-09 21:58:29 Error: Fatal Error (1): Allowed memory size of 134217728 bytes exhausted (tried to allocate 40043783 bytes) in [/var/www/naszaco_seng/lib/Cake/View/View.php, line 944]
2013-03-09 22:02:48 Error: Fatal Error (1): Allowed memory size of 134217728 bytes exhausted (tried to allocate 40041151 bytes) in [/var/www/naszaco_seng/lib/Cake/View/View.php, line 944]
2013-03-09 22:06:50 Error: Fatal Error (1): Allowed memory size of 134217728 bytes exhausted (tried to allocate 40078647 bytes) in [/var/www/naszaco_seng/lib/Cake/View/View.php, line 944]
2013-03-09 22:07:43 Error: Fatal Error (1): Allowed memory size of 134217728 bytes exhausted (tried to allocate 40041166 bytes) in [/var/www/naszaco_seng/lib/Cake/View/View.php, line 944]
2013-03-09 22:09:05 Error: Fatal Error (1): Allowed memory size of 134217728 bytes exhausted (tried to allocate 40041166 bytes) in [/var/www/naszaco_seng/lib/Cake/View/View.php, line 944]
2013-03-11 15:36:25 Error: Fatal Error (1): Allowed memory size of 134217728 bytes exhausted (tried to allocate 40359880 bytes) in [/var/www/naszaco_seng/lib/Cake/View/View.php, line 944]
2013-03-12 16:01:21 Error: Fatal Error (1): Call to a member function find() on a non-object in [/var/www/naszaco_seng/app/Controller/AppController.php, line 351]
2013-03-12 16:10:16 Error: Fatal Error (1): Call to undefined function deug() in [/var/www/naszaco_seng/app/View/Cities/options.ctp, line 2]
2013-03-12 16:46:39 Error: Fatal Error (1): Call to a member function find() on a non-object in [/var/www/naszaco_seng/app/Controller/AppController.php, line 351]
2013-03-12 16:48:29 Error: Fatal Error (1): Call to a member function find() on a non-object in [/var/www/naszaco_seng/app/Controller/AppController.php, line 351]
2013-03-12 16:48:52 Error: Fatal Error (1): Call to a member function find() on a non-object in [/var/www/naszaco_seng/app/Controller/AppController.php, line 351]
2013-03-12 18:13:03 Error: Fatal Error (1): Class 'Inflactor' not found in [/var/www/naszaco_seng/app/View/Elements/table-actions-habtm.ctp, line 2]
2013-03-13 09:49:37 Error: Fatal Error (4): syntax error, unexpected T_ARRAY in [/var/www/naszaco_seng/app/View/Events/edit.ctp, line 25]
2013-03-13 10:11:29 Error: Fatal Error (4): syntax error, unexpected T_ECHO in [/var/www/naszaco_seng/app/View/Workshops/index.ctp, line 18]
2013-03-13 13:30:28 Error: Fatal Error (64): Access level to AppModel::beforeSave() must be public (as in class Model) in [/var/www/naszaco_seng/app/Model/AppModel.php, line 34]
2013-03-13 13:30:43 Error: Fatal Error (64): Access level to AppModel::beforeSave() must be public (as in class Model) in [/var/www/naszaco_seng/app/Model/AppModel.php, line 34]
2013-03-13 14:32:12 Error: Fatal Error (1): Call to a member function getDataSource() on a non-object in [/var/www/naszaco_seng/app/Controller/EventsController.php, line 47]
2013-03-13 14:40:24 Error: Fatal Error (1): Call to undefined method EventsController::getDatasource() in [/var/www/naszaco_seng/app/Controller/EventsController.php, line 48]
2013-03-13 14:40:38 Error: Fatal Error (1): Cannot access protected property Mysql::$_queriesLog in [/var/www/naszaco_seng/app/Controller/EventsController.php, line 49]
2013-03-13 17:53:30 Error: Fatal Error (1): Call to a member function find() on a non-object in [/var/www/naszaco_seng/app/Controller/GridsController.php, line 61]
2013-03-13 17:54:33 Error: Fatal Error (1): Call to a member function find() on a non-object in [/var/www/naszaco_seng/app/Controller/GridsController.php, line 62]
2013-03-14 15:34:48 Error: Fatal Error (4): syntax error, unexpected ')', expecting ',' or ';' in [/var/www/naszaco_seng/app/View/Grids/edit.ctp, line 9]
2013-03-15 11:35:00 Error: Fatal Error (4): syntax error, unexpected T_IF, expecting ':' in [/var/www/events/app/View/Elements/toolbar-index.ctp, line 58]
2013-03-19 19:33:06 Error: Fatal Error (4): syntax error, unexpected ';' in [/var/www/events/app/View/Marketings/edit.ctp, line 44]
2013-03-20 15:25:08 Error: Fatal Error (1): Call to a member function find() on a non-object in [/var/www/events/app/Controller/StudentsController.php, line 89]
2013-03-20 15:34:49 Error: Fatal Error (1): Call to a member function create() on a non-object in [/var/www/events/app/Controller/StudentsController.php, line 96]
2013-03-20 15:41:56 Error: Fatal Error (1): Maximum execution time of 30 seconds exceeded in [/var/www/events/app/Model/AppModel.php, line 339]
2013-03-20 16:30:55 Error: Fatal Error (4): syntax error, unexpected ')' in [/var/www/events/app/Controller/AppController.php, line 824]
2013-03-20 17:39:20 Error: Fatal Error (4): syntax error, unexpected T_DOUBLE_ARROW in [/var/www/events/plugins/Main/View/Elements/toolbar-permissions.ctp, line 27]
2013-03-20 17:40:01 Error: Fatal Error (4): syntax error, unexpected T_DOUBLE_ARROW in [/var/www/events/plugins/Main/View/Elements/toolbar-permissions.ctp, line 27]
2013-03-20 17:41:12 Error: Fatal Error (4): syntax error, unexpected T_DOUBLE_ARROW in [/var/www/events/plugins/Main/View/Elements/toolbar-permissions.ctp, line 27]
2013-03-20 17:45:34 Error: Fatal Error (4): syntax error, unexpected T_DOUBLE_ARROW in [/var/www/events/plugins/Main/View/Elements/toolbar-permissions.ctp, line 27]
2013-03-20 17:46:02 Error: Fatal Error (4): syntax error, unexpected T_DOUBLE_ARROW in [/var/www/events/plugins/Main/View/Elements/toolbar-permissions.ctp, line 27]
2013-03-20 17:46:17 Error: Fatal Error (4): syntax error, unexpected T_DOUBLE_ARROW in [/var/www/events/plugins/Main/View/Elements/toolbar-permissions.ctp, line 27]
2013-03-20 17:46:33 Error: Fatal Error (4): syntax error, unexpected ')', expecting ',' or ';' in [/var/www/events/plugins/Main/View/Elements/toolbar-permissions.ctp, line 27]
2013-08-06 23:33:36 Error: Fatal Error (64): Cannot redeclare class State in [/var/www/natt/app/Model/Import.php, line 22]
2013-08-07 00:42:45 Error: Fatal Error (4): syntax error, unexpected '}', expecting ')' in [/var/www/natt/app/Controller/ImportController.php, line 55]
2013-08-07 01:15:22 Error: Fatal Error (4): syntax error, unexpected '$uses' (T_VARIABLE), expecting identifier (T_STRING) in [/var/www/natt/app/Controller/ImportController.php, line 33]
2013-08-07 01:15:40 Error: Fatal Error (4): syntax error, unexpected '$pessoa_uf' (T_VARIABLE) in [/var/www/natt/app/Controller/ImportController.php, line 50]
2013-08-07 01:15:54 Error: Fatal Error (64): Access level to ImportController::log() must be public (as in class Object) in [/var/www/natt/app/Controller/ImportController.php, line 24]
2013-08-07 01:16:29 Error: Fatal Error (64): Cannot redeclare class Telefone in [/var/www/natt/app/Model/NattFixoTelefone.php, line 22]
2013-08-07 01:16:30 Error: Fatal Error (64): Cannot redeclare class Telefone in [/var/www/natt/app/Model/NattFixoTelefone.php, line 22]
2013-08-07 01:20:02 Error: Fatal Error (1): Call to a member function query() on a non-object in [/var/www/natt/app/Controller/ImportController.php, line 58]
2013-08-07 01:20:10 Error: Fatal Error (1): Call to a member function query() on a non-object in [/var/www/natt/app/Controller/ImportController.php, line 58]
2013-08-07 01:20:56 Error: Fatal Error (1): Call to a member function query() on a non-object in [/var/www/natt/app/Controller/ImportController.php, line 58]
2013-08-07 01:44:44 Error: Fatal Error (4): syntax error, unexpected ''limit'' (T_CONSTANT_ENCAPSED_STRING), expecting ')' in [/var/www/natt/app/Model/NattFixoTelefone.php, line 28]
2013-08-07 01:54:55 Error: Fatal Error (4): syntax error, unexpected ')' in [/var/www/natt/app/Model/NattFixoTelefone.php, line 29]
2013-08-07 01:55:21 Error: Fatal Error (4): syntax error, unexpected ')' in [/var/www/natt/app/Model/NattFixoTelefone.php, line 29]
2013-08-07 01:56:13 Error: Fatal Error (4): syntax error, unexpected ')' in [/var/www/natt/app/Model/NattFixoTelefone.php, line 29]
2013-08-08 02:15:49 Error: Fatal Error (1): Call to a member function find() on a non-object in [/var/www/natt/app/Model/NattFixoPessoa.php, line 47]
2013-08-11 00:34:52 Error: Fatal Error (4): syntax error, unexpected ';', expecting ')' in [/var/www/natt/app/Controller/ImportController.php, line 134]
2013-08-11 01:56:39 Error: Fatal Error (1): Call to a member function removeAcentos() on a non-object in [/var/www/natt/app/Controller/Component/ImportComponent.php, line 42]
2013-08-11 01:57:37 Error: Fatal Error (1): Call to a member function removeAcentos() on a non-object in [/var/www/natt/app/Controller/Component/ImportComponent.php, line 42]
2013-08-11 01:59:54 Error: Fatal Error (1): Call to a member function removeAcentos() on a non-object in [/var/www/natt/app/Controller/Component/ImportComponent.php, line 42]
2013-08-11 02:01:29 Error: Fatal Error (1): Call to a member function removeAcentos() on a non-object in [/var/www/natt/app/Controller/Component/ImportComponent.php, line 40]
2013-08-11 02:03:49 Error: Fatal Error (1): Call to a member function dt2db() on a non-object in [/var/www/natt/app/Controller/Component/ImportComponent.php, line 40]
2013-08-11 02:06:38 Error: Fatal Error (1): Call to a member function dt2db() on a non-object in [/var/www/natt/app/Controller/Component/ImportComponent.php, line 40]
2013-08-11 02:06:45 Error: Fatal Error (1): Call to a member function dt2db() on a non-object in [/var/www/natt/app/Controller/Component/ImportComponent.php, line 40]
2013-08-11 02:12:07 Error: Fatal Error (1): Call to a member function dt2db() on a non-object in [/var/www/natt/app/Controller/Component/ImportComponent.php, line 40]
2013-08-11 02:15:21 Error: Fatal Error (1): Class 'AppUtils' not found in [/var/www/natt/app/Controller/Component/ImportComponent.php, line 38]
2013-08-11 02:17:05 Error: Fatal Error (1): Class 'AppUtils' not found in [/var/www/natt/app/Controller/Component/ImportComponent.php, line 39]
2013-08-11 02:17:08 Error: Fatal Error (1): Class 'AppUtils' not found in [/var/www/natt/app/Controller/Component/ImportComponent.php, line 39]
2013-08-11 02:17:09 Error: Fatal Error (1): Class 'AppUtils' not found in [/var/www/natt/app/Controller/Component/ImportComponent.php, line 39]
2013-08-11 02:18:24 Error: Fatal Error (1): Call to a member function removeAcentos() on a non-object in [/var/www/natt/app/Controller/Component/ImportComponent.php, line 40]
2013-08-11 03:12:19 Error: Fatal Error (1): Call to a member function create() on a non-object in [/var/www/natt/app/Controller/ImportController.php, line 153]
2013-08-12 23:55:52 Error: Fatal Error (4): syntax error, unexpected 'return' (T_RETURN) in [/var/www/nzdados/app/Controller/Component/ImportComponent.php, line 188]
2013-08-13 21:12:16 Error: Fatal Error (4): syntax error, unexpected '=', expecting ')' in [/var/www/nzdados/app/Controller/ImportController.php, line 205]
2013-08-13 21:12:41 Error: Fatal Error (4): syntax error, unexpected ';', expecting ')' in [/var/www/nzdados/app/Controller/ImportController.php, line 206]
2013-08-13 21:12:44 Error: Fatal Error (4): syntax error, unexpected ';', expecting ')' in [/var/www/nzdados/app/Controller/ImportController.php, line 206]
2013-08-13 23:10:30 Error: Fatal Error (64): Cannot redeclare ImportComponent::getZipcode() in [/var/www/nzdados/app/Controller/Component/ImportComponent.php, line 319]
2013-08-13 23:28:28 Error: Fatal Error (1): Call to undefined method ImportComponent::getCity() in [/var/www/nzdados/app/Controller/ImportController.php, line 226]
2013-08-15 01:04:20 Error: Fatal Error (4): syntax error, unexpected '{' in [/var/www/nzdados/app/Controller/Component/ImportComponent.php, line 100]
2013-08-15 01:05:52 Error: Fatal Error (4): syntax error, unexpected '{' in [/var/www/nzdados/app/Controller/Component/ImportComponent.php, line 102]
2013-08-15 01:06:39 Error: Fatal Error (1): Maximum execution time of 30 seconds exceeded in [/var/www/nzdados/lib/Cake/Utility/Debugger.php, line 553]
2013-08-15 13:40:08 Error: Fatal Error (4): syntax error, unexpected ')' in [/var/www/nzdados/app/Controller/Component/ImportComponent.php, line 180]
2013-08-15 14:29:40 Error: Fatal Error (4): syntax error, unexpected ''zipcode_id'' (T_CONSTANT_ENCAPSED_STRING), expecting ')' in [/var/www/nzdados/app/Controller/Component/ImportComponent.php, line 400]
2013-08-15 14:34:02 Error: Fatal Error (1): Call to a member function find() on a non-object in [/var/www/nzdados/app/Controller/Component/ImportComponent.php, line 402]
2013-08-15 14:37:02 Error: Fatal Error (1): Call to a member function find() on a non-object in [/var/www/nzdados/app/Controller/Component/ImportComponent.php, line 402]
2013-08-15 17:02:40 Error: Fatal Error (4): syntax error, unexpected '$this' (T_VARIABLE), expecting '(' in [/var/www/nzdados/app/Controller/ImportController.php, line 421]
2013-08-16 00:41:38 Error: Fatal Error (1): Call to undefined method stdClass::saveAll() in [/var/www/nzdados/app/Controller/Component/ImportComponent.php, line 1009]
2013-08-16 00:43:40 Error: Fatal Error (1): Call to undefined method stdClass::updateAll() in [/var/www/nzdados/app/Controller/Component/ImportComponent.php, line 1009]
2013-08-16 00:44:41 Error: Fatal Error (1): Call to a member function updateAll() on a non-object in [/var/www/nzdados/app/Controller/Component/ImportComponent.php, line 1008]
2013-08-16 00:58:18 Error: Fatal Error (1): Using $this when not in object context in [/var/www/nzdados/app/Controller/Component/ImportComponent.php, line 1066]
2013-08-16 00:59:24 Error: Fatal Error (4): syntax error, unexpected ')', expecting '(' in [/var/www/nzdados/app/Controller/Component/ImportComponent.php, line 1066]
2013-08-16 00:59:53 Error: Fatal Error (1): Class 'Import' not found in [/var/www/nzdados/app/Controller/ImportController.php, line 194]
2013-08-16 01:36:16 Error: Fatal Error (4): syntax error, unexpected ',' in [/var/www/nzdados/app/Controller/Component/ImportComponent.php, line 1028]
2013-08-16 02:07:02 Error: Fatal Error (1): Call to a member function save() on a non-object in [/var/www/nzdados/app/Controller/Component/ImportComponent.php, line 1015]
2013-08-16 02:32:00 Error: Fatal Error (1): Call to a member function getDataSource() on a non-object in [/var/www/nzdados/app/Controller/Component/ImportComponent.php, line 1019]
2013-08-16 11:17:37 Error: Fatal Error (4): syntax error, unexpected 'break' (T_BREAK) in [/var/www/nzdados/app/Controller/Component/ImportComponent.php, line 759]
2013-08-16 11:17:51 Error: Fatal Error (4): syntax error, unexpected 'break' (T_BREAK) in [/var/www/nzdados/app/Controller/Component/ImportComponent.php, line 759]
2013-08-16 15:54:52 Error: Fatal Error (4): syntax error, unexpected 'debug' (T_STRING) in [/var/www/nzdados/app/Controller/ImportController.php, line 94]
2013-08-16 16:11:17 Error: Fatal Error (4): syntax error, unexpected ';' in [/var/www/nzdados/app/Controller/ImportController.php, line 99]
2013-08-16 16:50:09 Error: Fatal Error (4): syntax error, unexpected ';' in [/var/www/nzdados/app/Controller/ImportController.php, line 99]
2013-08-16 20:22:37 Error: Fatal Error (4): syntax error, unexpected '$gender' (T_VARIABLE), expecting function (T_FUNCTION) in [/var/www/nzdados/app/Controller/ImportController.php, line 27]
2013-08-16 20:23:03 Error: Fatal Error (1): Call to a member function getGender() on a non-object in [/var/www/nzdados/app/Controller/ImportController.php, line 87]
2013-08-16 20:51:28 Error: Fatal Error (4): syntax error, unexpected '}' in [/var/www/nzdados/app/Controller/Component/ImportComponent.php, line 4528]
2013-08-16 23:00:48 Error: Fatal Error (4): syntax error, unexpected ''rodolfo'' (T_CONSTANT_ENCAPSED_STRING), expecting ')' in [/var/www/nzdados/app/Controller/Component/ImportComponent.php, line 6750]
2013-08-18 15:58:44 Error: Fatal Error (4): syntax error, unexpected ''limit'' (T_CONSTANT_ENCAPSED_STRING), expecting ')' in [/var/www/nzdados/app/Model/NattFixoPessoa.php, line 41]
2013-08-18 16:09:50 Error: Fatal Error (4): syntax error, unexpected ''limit'' (T_CONSTANT_ENCAPSED_STRING), expecting ')' in [/var/www/nzdados/app/Model/NattFixoPessoa.php, line 46]
2013-08-18 16:16:29 Error: Fatal Error (4): syntax error, unexpected '=>' (T_DOUBLE_ARROW) in [/var/www/nzdados/app/Model/NattFixoPessoa.php, line 70]
2013-09-04 22:17:23 Error: Fatal Error (1): Allowed memory size of 134217728 bytes exhausted (tried to allocate 72 bytes) in [/var/www/nzdados/lib/Cake/Model/Datasource/Database/Mysql.php, line 242]
2013-09-05 01:33:37 Error: Fatal Error (1): Maximum execution time of 30 seconds exceeded in [/var/www/nzdados/lib/Cake/Model/Datasource/DboSource.php, line 459]
2013-09-05 02:05:08 Error: Fatal Error (1): Maximum execution time of 30 seconds exceeded in [/var/www/nzdados/lib/Cake/Model/Datasource/DboSource.php, line 1505]
2013-09-05 02:11:01 Error: Fatal Error (1): Maximum execution time of 30 seconds exceeded in [/var/www/nzdados/lib/Cake/Model/Datasource/DboSource.php, line 424]
2013-09-05 02:17:22 Error: Fatal Error (1): Maximum execution time of 30 seconds exceeded in [/var/www/nzdados/lib/Cake/Model/Datasource/DboSource.php, line 424]
2013-10-09 09:03:31 Error: Fatal Error (1): Class 'AppModelCleand' not found in [/var/www/nasza/app/Model/EntityLandlineAddress.php, line 20]
2013-10-09 09:14:56 Error: Fatal Error (1): Call to a member function find() on a non-object in [/var/www/nasza/app/Model/NattFixoPessoa.php, line 52]
2013-10-11 14:10:53 Error: Fatal Error (1): Allowed memory size of 134217728 bytes exhausted (tried to allocate 81 bytes) in [/var/www/nasza/lib/Cake/Model/Datasource/Database/Mysql.php, line 246]
2013-10-11 14:11:00 Error: Fatal Error (1): Allowed memory size of 134217728 bytes exhausted (tried to allocate 81 bytes) in [/var/www/nasza/lib/Cake/Model/Datasource/Database/Mysql.php, line 246]
2013-10-11 14:11:41 Error: Fatal Error (1): Allowed memory size of 134217728 bytes exhausted (tried to allocate 32 bytes) in [/var/www/nasza/lib/Cake/Model/Datasource/Database/Mysql.php, line 242]
2013-10-11 14:12:12 Error: Fatal Error (1): Allowed memory size of 134217728 bytes exhausted (tried to allocate 81 bytes) in [/var/www/nasza/lib/Cake/Model/Datasource/Database/Mysql.php, line 246]
2013-10-11 14:12:48 Error: Fatal Error (1): Allowed memory size of 134217728 bytes exhausted (tried to allocate 81 bytes) in [/var/www/nasza/lib/Cake/Model/Datasource/Database/Mysql.php, line 246]
2013-10-11 17:01:39 Error: Fatal Error (4): syntax error, unexpected end of file, expecting ')' in [/var/www/nasza/app/Controller/Component/ImportComponent.php, line 2804]
2013-10-11 17:02:05 Error: Fatal Error (4): syntax error, unexpected ''l' (T_ENCAPSED_AND_WHITESPACE), expecting ')' in [/var/www/nasza/app/Controller/Component/ImportComponent.php, line 2805]
